<?xml version="1.0" encoding="UTF-8"?>
<testng-results skipped="0" failed="0" ignored="0" total="1" passed="1">
  <reporter-output>
  </reporter-output>
  <suite name="Surefire suite" duration-ms="532" started-at="2017-08-23T10:53:50Z" finished-at="2017-08-23T10:53:51Z">
    <groups>
      <group name="cucumber">
        <method signature="AbstractTestNGCucumberTests.feature(cucumber.api.testng.CucumberFeatureWrapper)[pri:0, instance:steps.CukerRunnerTest@3551a94]" name="feature" class="cucumber.api.testng.AbstractTestNGCucumberTests"/>
      </group> <!-- cucumber -->
    </groups>
    <test name="Surefire test" duration-ms="532" started-at="2017-08-23T10:53:50Z" finished-at="2017-08-23T10:53:51Z">
      <class name="steps.CukerRunnerTest">
        <test-method status="PASS" signature="setUpClass()[pri:0, instance:steps.CukerRunnerTest@3551a94]" name="setUpClass" is-config="true" duration-ms="272" started-at="2017-08-23T11:53:50Z" finished-at="2017-08-23T11:53:50Z">
          <reporter-output>
          </reporter-output>
        </test-method> <!-- setUpClass -->
        <test-method status="PASS" signature="feature(cucumber.api.testng.CucumberFeatureWrapper)[pri:0, instance:steps.CukerRunnerTest@3551a94]" name="feature" duration-ms="169" started-at="2017-08-23T11:53:51Z" description="Runs Cucumber Feature" data-provider="features" finished-at="2017-08-23T11:53:51Z">
          <params>
            <param index="0">
              <value>
                <![CDATA[Get some Cheese]]>
              </value>
            </param>
          </params>
          <reporter-output>
          </reporter-output>
        </test-method> <!-- feature -->
        <test-method status="PASS" signature="tearDownClass()[pri:0, instance:steps.CukerRunnerTest@3551a94]" name="tearDownClass" is-config="true" duration-ms="5" started-at="2017-08-23T11:53:51Z" finished-at="2017-08-23T11:53:51Z">
          <reporter-output>
          </reporter-output>
        </test-method> <!-- tearDownClass -->
      </class> <!-- steps.CukerRunnerTest -->
    </test> <!-- Surefire test -->
  </suite> <!-- Surefire suite -->
</testng-results>
